<?xml version="1.0" encoding="UTF-8"?>
<!-- Generated by org.testng.reporters.JUnitReportReporter -->
<testsuite skipped="0" hostname="LAPTOP-EGV7MRH3" name="com.orangehrm.qa.testcases.LeaveReportPageTest" tests="2" failures="0" timestamp="2022-02-20T11:51:41 IST" time="14.559" errors="0">
  <testcase name="login" time="5.670" classname="com.orangehrm.qa.testcases.LeaveReportPageTest"/>
  <system-out/>
  <testcase name="reportgen" time="8.889" classname="com.orangehrm.qa.testcases.LeaveReportPageTest"/>
  <system-out/>
</testsuite> <!-- com.orangehrm.qa.testcases.LeaveReportPageTest -->
