<?xml version="1.0" encoding="UTF-8"?>
<!-- Generated by org.testng.reporters.JUnitReportReporter -->
<testsuite skipped="0" hostname="LAPTOP-EGV7MRH3" name="com.orangehrm.qa.testcases.ApplyLeavePageTest" tests="2" failures="0" timestamp="2022-02-20T03:01:52 IST" time="11.527" errors="0">
  <testcase name="login" time="5.726" classname="com.orangehrm.qa.testcases.ApplyLeavePageTest"/>
  <system-out/>
  <testcase name="leavelist" time="5.801" classname="com.orangehrm.qa.testcases.ApplyLeavePageTest"/>
  <system-out/>
</testsuite> <!-- com.orangehrm.qa.testcases.ApplyLeavePageTest -->
