<?xml version="1.0" encoding="UTF-8"?>
<!-- Generated by org.testng.reporters.JUnitReportReporter -->
<testsuite skipped="0" hostname="LAPTOP-EGV7MRH3" name="com.orangehrm.qa.testcases.AddUserPageTest" tests="3" failures="0" timestamp="2022-02-16T19:53:11 IST" time="19.706" errors="0">
  <testcase name="login" time="5.880" classname="com.orangehrm.qa.testcases.AddUserPageTest"/>
  <system-out/>
  <testcase name="adminPage" time="2.980" classname="com.orangehrm.qa.testcases.AddUserPageTest"/>
  <system-out/>
  <testcase name="AddUserAction" time="10.846" classname="com.orangehrm.qa.testcases.AddUserPageTest"/>
  <system-out/>
</testsuite> <!-- com.orangehrm.qa.testcases.AddUserPageTest -->
