<?xml version="1.0" encoding="UTF-8"?>
<!-- Generated by org.testng.reporters.JUnitReportReporter -->
<testsuite skipped="0" hostname="LAPTOP-EGV7MRH3" name="com.orangehrm.qa.testcases.LoginPageTest" tests="1" failures="0" timestamp="2022-02-17T08:09:44 IST" time="4.310" errors="0">
  <testcase name="f" time="4.310" classname="com.orangehrm.qa.testcases.LoginPageTest"/>
  <system-out/>
</testsuite> <!-- com.orangehrm.qa.testcases.LoginPageTest -->
