<?xml version="1.0" encoding="UTF-8"?>
<!-- Generated by org.testng.reporters.JUnitReportReporter -->
<testsuite skipped="0" hostname="LAPTOP-EGV7MRH3" name="com.orangehrm.qa.testcases.LoginTest" tests="1" failures="0" timestamp="2022-02-02T11:01:31 IST" time="7.047" errors="0">
  <testcase name="f" time="7.047" classname="com.orangehrm.qa.testcases.LoginTest"/>
  <system-out/>
</testsuite> <!-- com.orangehrm.qa.testcases.LoginTest -->
