<?xml version="1.0" encoding="UTF-8"?>
<!-- Generated by org.testng.reporters.JUnitReportReporter -->
<testsuite skipped="0" hostname="LAPTOP-EGV7MRH3" name="com.orangehrm.qa.testcases.MyLeavePageTest" tests="2" failures="0" timestamp="2022-02-20T03:28:09 IST" time="12.710" errors="0">
  <testcase name="login" time="6.423" classname="com.orangehrm.qa.testcases.MyLeavePageTest"/>
  <system-out/>
  <testcase name="myLeaveList" time="6.287" classname="com.orangehrm.qa.testcases.MyLeavePageTest"/>
  <system-out/>
</testsuite> <!-- com.orangehrm.qa.testcases.MyLeavePageTest -->
