<?xml version="1.0" encoding="UTF-8"?>
<!-- Generated by org.testng.reporters.JUnitReportReporter -->
<testsuite skipped="0" hostname="LAPTOP-EGV7MRH3" name="com.orangehrm.qa.testcases.SystemUsers" tests="1" failures="0" timestamp="2022-02-01T22:29:44 IST" time="0.015" errors="0">
  <testcase name="f" time="0.015" classname="com.orangehrm.qa.testcases.SystemUsers"/>
  <system-out/>
</testsuite> <!-- com.orangehrm.qa.testcases.SystemUsers -->
