<?xml version="1.0" encoding="UTF-8"?>
<!-- Generated by org.testng.reporters.JUnitReportReporter -->
<testsuite skipped="0" hostname="LAPTOP-EGV7MRH3" name="com.orangehrm.qa.testcases.MyInformationPageTest" tests="2" failures="0" timestamp="2022-02-20T20:55:52 IST" time="9.391" errors="0">
  <testcase name="login" time="5.946" classname="com.orangehrm.qa.testcases.MyInformationPageTest"/>
  <system-out/>
  <testcase name="myinfoPage" time="3.445" classname="com.orangehrm.qa.testcases.MyInformationPageTest"/>
  <system-out/>
</testsuite> <!-- com.orangehrm.qa.testcases.MyInformationPageTest -->
