<?xml version="1.0" encoding="UTF-8"?>
<!-- Generated by org.testng.reporters.JUnitReportReporter -->
<testsuite skipped="0" hostname="LAPTOP-EGV7MRH3" name="com.orangehrm.qa.testcases.LeavePageTest" tests="2" failures="0" timestamp="2022-02-16T01:42:59 IST" time="9.856" errors="0">
  <testcase name="login" time="4.891" classname="com.orangehrm.qa.testcases.LeavePageTest"/>
  <system-out/>
  <testcase name="leavelist" time="4.965" classname="com.orangehrm.qa.testcases.LeavePageTest"/>
  <system-out/>
</testsuite> <!-- com.orangehrm.qa.testcases.LeavePageTest -->
