<?xml version="1.0" encoding="UTF-8"?>
<!-- Generated by org.testng.reporters.JUnitReportReporter -->
<testsuite skipped="0" hostname="LAPTOP-EGV7MRH3" name="com.orangehrm.qa.testcases.AddEmployeePageTest" tests="3" failures="0" timestamp="2022-02-15T21:27:57 IST" time="19.236" errors="0">
  <testcase name="login" time="5.623" classname="com.orangehrm.qa.testcases.AddEmployeePageTest"/>
  <system-out/>
  <testcase name="pimPage" time="2.860" classname="com.orangehrm.qa.testcases.AddEmployeePageTest"/>
  <system-out/>
  <testcase name="AddEmpAction" time="10.753" classname="com.orangehrm.qa.testcases.AddEmployeePageTest"/>
  <system-out/>
</testsuite> <!-- com.orangehrm.qa.testcases.AddEmployeePageTest -->
