<?xml version="1.0" encoding="UTF-8"?>
<!-- Generated by org.testng.reporters.JUnitReportReporter -->
<testsuite skipped="0" hostname="LAPTOP-EGV7MRH3" name="com.orangehrm.qa.testcases.AssignLeavePageTest" tests="2" failures="0" timestamp="2022-02-20T02:01:53 IST" time="10.831" errors="0">
  <testcase name="login" time="4.334" classname="com.orangehrm.qa.testcases.AssignLeavePageTest"/>
  <system-out/>
  <testcase name="assignFunction" time="6.497" classname="com.orangehrm.qa.testcases.AssignLeavePageTest"/>
  <system-out/>
</testsuite> <!-- com.orangehrm.qa.testcases.AssignLeavePageTest -->
