<?xml version="1.0" encoding="UTF-8"?>
<!-- Generated by org.testng.reporters.JUnitReportReporter -->
<testsuite skipped="0" hostname="LAPTOP-EGV7MRH3" name="com.orangehrm.qa.testcases.RecruitmentPageTest" tests="3" failures="0" timestamp="2022-02-20T20:08:15 IST" time="15.219" errors="0">
  <testcase name="login" time="6.190" classname="com.orangehrm.qa.testcases.RecruitmentPageTest"/>
  <system-out/>
  <testcase name="recPage" time="4.643" classname="com.orangehrm.qa.testcases.RecruitmentPageTest"/>
  <system-out/>
  <testcase name="recruitmentSearch" time="4.386" classname="com.orangehrm.qa.testcases.RecruitmentPageTest"/>
  <system-out/>
</testsuite> <!-- com.orangehrm.qa.testcases.RecruitmentPageTest -->
